make.exe all --print-data-base --no-builtin-variables --no-builtin-rules --question
Makefile:385: *** "please specific example=".  Stop.
 
# GNU Make 4.3
# Built for x86_64-pc-cygwin
# Copyright (C) 1988-2020 Free Software Foundation, Inc.
# License GPLv3+: GNU GPL version 3 or later <http://gnu.org/licenses/gpl.html>
# This is free software: you are free to change and redistribute it.
# There is NO WARRANTY, to the extent permitted by law.
 

# Make data base, printed on Thu Aug 26 15:03:26 2021

# Variables

# environment
FPS_BROWSER_APP_PROFILE_STRING = Internet Explorer
# environment
SYSTEMDRIVE = C:
# environment
LC_ALL = C
# makefile (from 'Makefile', line 14)
AR := arc-elf32-ar
# environment
USERPROFILE = C:\Users\904289
 
# makefile (from 'Makefile', line 28)
MODEL_LINK = https://www.himax.com.tw/we-i/himax_tflu_tree/model_setting_v02.zip
# environment
LOCALAPPDATA = C:\Users\904289\AppData\Local
# environment
VSCODE_IPC_HOOK_EXTHOST = \\.\pipe\vscode-ipc-b86f5f94-82e3-415e-beda-12298e1b352a-sock
# environment
VSCODE_CWD = C:\Users\904289\AppData\Local\Programs\Microsoft VS Code
# environment
CHOCOLATEYINSTALL = C:\ProgramData\chocolatey
# environment
SYSTEMROOT = C:\Windows
# makefile (from 'Makefile', line 37)
TOOL_LOC = .
# environment
PROCESSOR_LEVEL = 6
# environment
PSMODULEPATH = C:\Program Files\WindowsPowerShell\Modules;C:\Windows\system32\WindowsPowerShell\v1.0\Modules;C:\Program Files (x86)\Microsoft Azure Information Protection\Powershell
# environment
NSIM_HOME = C:\ARC\nSIM\nSIM
# makefile (from 'Makefile', line 166)
yolo_OBJS := tensorflow/lite/micro/kernels/arc_mli/scratch_buffers.o tensorflow/lite/micro/kernels/arc_mli/scratch_buf_mgr.o tensorflow/lite/micro/kernels/arc_mli/mli_slicers.o yolo_fastest/main.o yolo_fastest/main_functions.o
# default
MAKE_COMMAND := make
# environment
USERDNSDOMAIN = HIMAX.COM.TW
# automatic
@D = $(patsubst %/,%,$(dir $@))
# environment
CHROME_CRASHPAD_PIPE_NAME = \\.\pipe\crashpad_10440_ZAGTGPWLAHQWXFHJ
# makefile (from 'Makefile', line 48)
GEN_TOOL_NAME = image_gen_gnu
# environment
VSCODE_BROWSER_CODE_LOADING = bypassHeatCheck
# environment
FPS_BROWSER_USER_PROFILE_STRING = Default
# environment
VSCODE_HANDLES_UNCAUGHT_ERRORS = true
# default
.VARIABLES := 
# makefile (from 'Makefile', line 34)
SDK_NAME = sdk.zip
# automatic
%D = $(patsubst %/,%,$(dir $%))
# makefile (from 'Makefile', line 36)
TOOL_LINK = https://www.himax.com.tw/we-i/image_gen_linux_v2_1_10.zip
# makefile (from 'Makefile', line 173)
SDK_PATH = himax_we1_sdk
# automatic
^D = $(patsubst %/,%,$(dir $^))
# environment
VSCODE_LOG_STACK = false
# automatic
%F = $(notdir $%)
# environment
VSCODE_CODE_CACHE_PATH = C:\Users\904289\AppData\Roaming\Code\CachedData\379476f0e13988d90fab105c5c19e7abc8b1dea8
# environment
LANG = C
# default
.LOADED := 
# environment
TMP = /cygdrive/c/Users/904289/AppData/Local/Temp
# default
.INCLUDE_DIRS = /usr/include /usr/include
# environment
METAWARE_ROOT = C:\ARC\MetaWare
# makefile
MAKEFLAGS = pqrR
# environment
ONEDRIVE = C:\Users\Administrator\OneDrive
# makefile (from 'Makefile', line 24)
LIB_LINK = https://www.himax.com.tw/we-i/himax_tflu_tree/thrid_party_lib_v01.zip
# makefile
CURDIR := /cygdrive/c/Users/904289/Desktop/himax_tflm-master_yolo_fastest_relu6_test_mem
# environment
LM_LICENSE_FILE = 27000@10.240.142.50;27000@10.240.142.47;27000@10.240.142.44
# environment
VSCODE_PIPE_LOGGING = true
# makefile (from 'Makefile', line 22)
UNZIP = unzip 
# makefile (from 'Makefile', line 33)
SDK_LOC = .
# environment
APPLICATION_INSIGHTS_NO_DIAGNOSTIC_CHANNEL = true
# makefile (from 'Makefile', line 54)
SRCS := tensorflow/lite/micro/simple_memory_allocator.cc tensorflow/lite/micro/mock_micro_graph.cc tensorflow/lite/micro/micro_allocator.cc tensorflow/lite/micro/all_ops_resolver.cc tensorflow/lite/micro/memory_helpers.cc tensorflow/lite/micro/micro_interpreter.cc tensorflow/lite/micro/micro_error_reporter.cc tensorflow/lite/micro/micro_time.cc tensorflow/lite/micro/recording_simple_memory_allocator.cc tensorflow/lite/micro/micro_string.cc tensorflow/lite/micro/micro_profiler.cc tensorflow/lite/micro/micro_utils.cc tensorflow/lite/micro/himax_we1_evb/debug_log.cc tensorflow/lite/micro/test_helpers.cc tensorflow/lite/micro/micro_graph.cc tensorflow/lite/micro/system_setup.cc tensorflow/lite/micro/recording_micro_allocator.cc tensorflow/lite/micro/memory_planner/linear_memory_planner.cc tensorflow/lite/micro/memory_planner/greedy_memory_planner.cc tensorflow/lite/c/common.c tensorflow/lite/core/api/error_reporter.cc tensorflow/lite/core/api/flatbuffer_conversions.cc tensorflow/lite/core/api/op_resolver.cc tensorflow/lite/core/api/tensor_utils.cc tensorflow/lite/kernels/internal/quantization_util.cc tensorflow/lite/kernels/kernel_util.cc tensorflow/lite/schema/schema_utils.cc tensorflow/lite/micro/kernels/activations.cc tensorflow/lite/micro/kernels/add.cc tensorflow/lite/micro/kernels/add_n.cc tensorflow/lite/micro/kernels/arg_min_max.cc tensorflow/lite/micro/kernels/batch_to_space_nd.cc tensorflow/lite/micro/kernels/cast.cc tensorflow/lite/micro/kernels/ceil.cc tensorflow/lite/micro/kernels/circular_buffer.cc tensorflow/lite/micro/kernels/comparisons.cc tensorflow/lite/micro/kernels/concatenation.cc tensorflow/lite/micro/kernels/arc_mli/conv.cc tensorflow/lite/micro/kernels/conv_common.cc tensorflow/lite/micro/kernels/cumsum.cc tensorflow/lite/micro/kernels/depth_to_space.cc tensorflow/lite/micro/kernels/arc_mli/depthwise_conv.cc tensorflow/lite/micro/kernels/depthwise_conv_common.cc tensorflow/lite/micro/kernels/dequantize.cc tensorflow/lite/micro/kernels/detection_postprocess.cc tensorflow/lite/micro/kernels/elementwise.cc tensorflow/lite/micro/kernels/elu.cc tensorflow/lite/micro/kernels/ethosu.cc tensorflow/lite/micro/kernels/exp.cc tensorflow/lite/micro/kernels/expand_dims.cc tensorflow/lite/micro/kernels/fill.cc tensorflow/lite/micro/kernels/floor.cc tensorflow/lite/micro/kernels/floor_div.cc tensorflow/lite/micro/kernels/floor_mod.cc tensorflow/lite/micro/kernels/arc_mli/fully_connected.cc tensorflow/lite/micro/kernels/fully_connected_common.cc tensorflow/lite/micro/kernels/gather.cc tensorflow/lite/micro/kernels/gather_nd.cc tensorflow/lite/micro/kernels/hard_swish.cc tensorflow/lite/micro/kernels/if.cc tensorflow/lite/micro/kernels/kernel_runner.cc tensorflow/lite/micro/kernels/kernel_util.cc tensorflow/lite/micro/kernels/l2norm.cc tensorflow/lite/micro/kernels/l2_pool_2d.cc tensorflow/lite/micro/kernels/leaky_relu.cc tensorflow/lite/micro/kernels/logical.cc tensorflow/lite/micro/kernels/logistic.cc tensorflow/lite/micro/kernels/log_softmax.cc tensorflow/lite/micro/kernels/maximum_minimum.cc tensorflow/lite/micro/kernels/mul.cc tensorflow/lite/micro/kernels/neg.cc tensorflow/lite/micro/kernels/pack.cc tensorflow/lite/micro/kernels/pad.cc tensorflow/lite/micro/kernels/arc_mli/pooling.cc tensorflow/lite/micro/kernels/prelu.cc tensorflow/lite/micro/kernels/quantize.cc tensorflow/lite/micro/kernels/quantize_common.cc tensorflow/lite/micro/kernels/reduce.cc tensorflow/lite/micro/kernels/reshape.cc tensorflow/lite/micro/kernels/resize_bilinear.cc tensorflow/lite/micro/kernels/resize_nearest_neighbor.cc tensorflow/lite/micro/kernels/round.cc tensorflow/lite/micro/kernels/shape.cc tensorflow/lite/micro/kernels/softmax.cc tensorflow/lite/micro/kernels/softmax_common.cc tensorflow/lite/micro/kernels/space_to_batch_nd.cc tensorflow/lite/micro/kernels/split.cc tensorflow/lite/micro/kernels/split_v.cc tensorflow/lite/micro/kernels/squeeze.cc tensorflow/lite/micro/kernels/strided_slice.cc tensorflow/lite/micro/kernels/sub.cc tensorflow/lite/micro/kernels/svdf.cc tensorflow/lite/micro/kernels/svdf_common.cc tensorflow/lite/micro/kernels/tanh.cc tensorflow/lite/micro/kernels/transpose.cc tensorflow/lite/micro/kernels/transpose_conv.cc tensorflow/lite/micro/kernels/unpack.cc tensorflow/lite/micro/kernels/zeros_like.cc 
# automatic
*D = $(patsubst %/,%,$(dir $*))
# environment
PROGRAMFILES = C:\Program Files
# makefile (from 'Makefile', line 44)
GEN_TOOL_DIR = image_gen_new_version_cygwin
# environment
MFLAGS = -pqrR
# default
.SHELLFLAGS := -c
# environment
!C: = c:\Users\904289\Desktop\himax_tflm-master_yolo_fastest_relu6_test_mem
# makefile (from 'Makefile', line 172)
DEPEND_PATH = third_party/mw_gnu_dependencies/gnu_depend_lib
# makefile (from 'Makefile', line 171)
MLI_PATH = third_party/arc_mli_package/bin/himax_arcem9d_r16/release
# environment
COMMONPROGRAMW6432 = C:\Program Files\Common Files
# automatic
+D = $(patsubst %/,%,$(dir $+))
# makefile (from 'Makefile', line 1)
MAKEFILE_LIST := Makefile
# automatic
@F = $(notdir $@)
# environment
VSCODE_VERBOSE_LOGGING = true
# environment
VSCODE_PID = 10440
# automatic
?D = $(patsubst %/,%,$(dir $?))
# makefile (from 'Makefile', line 321)
CCFLAGS = -mcpu=em4_fpus -mlittle-endian -mcode-density -mdiv-rem -mswap -mnorm -mmpy-option=6 -mbarrel-shifter -mfpu=fpus_all -fno-unwind-tables -ffunction-sections -fdata-sections -fmessage-length=0 -DTF_LITE_STATIC_MEMORY -DTF_LITE_DISABLE_X86_NEON -O3 -DREDUCE_CODESIZE -mxy -include $(SDK_PATH)/core_config.h -I. -I./$(SDK_PATH) -I./third_party/gemmlowp -I./third_party/flatbuffers/include -I./third_party/ruy -I./third_party/arc_mli_package/include -I./third_party/arc_mli_package/include/api -I./tensorflow/lite/micro/tools/make/downloads/kissfft 
# automatic
*F = $(notdir $*)
# automatic
<D = $(patsubst %/,%,$(dir $<))
# makefile (from 'Makefile', line 5)
ARC_TOOLCHAIN = gnu
# environment
VSCODE_NLS_CONFIG = {"locale":"zh-tw","availableLanguages":{},"_languagePackSupport":true}
# default
MAKE_HOST := x86_64-pc-cygwin
# makefile (from 'Makefile', line 163)
OBJS := tensorflow/lite/micro/simple_memory_allocator.o tensorflow/lite/micro/mock_micro_graph.o tensorflow/lite/micro/micro_allocator.o tensorflow/lite/micro/all_ops_resolver.o tensorflow/lite/micro/memory_helpers.o tensorflow/lite/micro/micro_interpreter.o tensorflow/lite/micro/micro_error_reporter.o tensorflow/lite/micro/micro_time.o tensorflow/lite/micro/recording_simple_memory_allocator.o tensorflow/lite/micro/micro_string.o tensorflow/lite/micro/micro_profiler.o tensorflow/lite/micro/micro_utils.o tensorflow/lite/micro/himax_we1_evb/debug_log.o tensorflow/lite/micro/test_helpers.o tensorflow/lite/micro/micro_graph.o tensorflow/lite/micro/system_setup.o tensorflow/lite/micro/recording_micro_allocator.o tensorflow/lite/micro/memory_planner/linear_memory_planner.o tensorflow/lite/micro/memory_planner/greedy_memory_planner.o tensorflow/lite/c/common.o tensorflow/lite/core/api/error_reporter.o tensorflow/lite/core/api/flatbuffer_conversions.o tensorflow/lite/core/api/op_resolver.o tensorflow/lite/core/api/tensor_utils.o tensorflow/lite/kernels/internal/quantization_util.o tensorflow/lite/kernels/kernel_util.o tensorflow/lite/schema/schema_utils.o tensorflow/lite/micro/kernels/activations.o tensorflow/lite/micro/kernels/add.o tensorflow/lite/micro/kernels/add_n.o tensorflow/lite/micro/kernels/arg_min_max.o tensorflow/lite/micro/kernels/batch_to_space_nd.o tensorflow/lite/micro/kernels/cast.o tensorflow/lite/micro/kernels/ceil.o tensorflow/lite/micro/kernels/circular_buffer.o tensorflow/lite/micro/kernels/comparisons.o tensorflow/lite/micro/kernels/concatenation.o tensorflow/lite/micro/kernels/arc_mli/conv.o tensorflow/lite/micro/kernels/conv_common.o tensorflow/lite/micro/kernels/cumsum.o tensorflow/lite/micro/kernels/depth_to_space.o tensorflow/lite/micro/kernels/arc_mli/depthwise_conv.o tensorflow/lite/micro/kernels/depthwise_conv_common.o tensorflow/lite/micro/kernels/dequantize.o tensorflow/lite/micro/kernels/detection_postprocess.o tensorflow/lite/micro/kernels/elementwise.o tensorflow/lite/micro/kernels/elu.o tensorflow/lite/micro/kernels/ethosu.o tensorflow/lite/micro/kernels/exp.o tensorflow/lite/micro/kernels/expand_dims.o tensorflow/lite/micro/kernels/fill.o tensorflow/lite/micro/kernels/floor.o tensorflow/lite/micro/kernels/floor_div.o tensorflow/lite/micro/kernels/floor_mod.o tensorflow/lite/micro/kernels/arc_mli/fully_connected.o tensorflow/lite/micro/kernels/fully_connected_common.o tensorflow/lite/micro/kernels/gather.o tensorflow/lite/micro/kernels/gather_nd.o tensorflow/lite/micro/kernels/hard_swish.o tensorflow/lite/micro/kernels/if.o tensorflow/lite/micro/kernels/kernel_runner.o tensorflow/lite/micro/kernels/kernel_util.o tensorflow/lite/micro/kernels/l2norm.o tensorflow/lite/micro/kernels/l2_pool_2d.o tensorflow/lite/micro/kernels/leaky_relu.o tensorflow/lite/micro/kernels/logical.o tensorflow/lite/micro/kernels/logistic.o tensorflow/lite/micro/kernels/log_softmax.o tensorflow/lite/micro/kernels/maximum_minimum.o tensorflow/lite/micro/kernels/mul.o tensorflow/lite/micro/kernels/neg.o tensorflow/lite/micro/kernels/pack.o tensorflow/lite/micro/kernels/pad.o tensorflow/lite/micro/kernels/arc_mli/pooling.o tensorflow/lite/micro/kernels/prelu.o tensorflow/lite/micro/kernels/quantize.o tensorflow/lite/micro/kernels/quantize_common.o tensorflow/lite/micro/kernels/reduce.o tensorflow/lite/micro/kernels/reshape.o tensorflow/lite/micro/kernels/resize_bilinear.o tensorflow/lite/micro/kernels/resize_nearest_neighbor.o tensorflow/lite/micro/kernels/round.o tensorflow/lite/micro/kernels/shape.o tensorflow/lite/micro/kernels/softmax.o tensorflow/lite/micro/kernels/softmax_common.o tensorflow/lite/micro/kernels/space_to_batch_nd.o tensorflow/lite/micro/kernels/split.o tensorflow/lite/micro/kernels/split_v.o tensorflow/lite/micro/kernels/squeeze.o tensorflow/lite/micro/kernels/strided_slice.o tensorflow/lite/micro/kernels/sub.o tensorflow/lite/micro/kernels/svdf.o tensorflow/lite/micro/kernels/svdf_common.o tensorflow/lite/micro/kernels/tanh.o tensorflow/lite/micro/kernels/transpose.o tensorflow/lite/micro/kernels/transpose_conv.o tensorflow/lite/micro/kernels/unpack.o tensorflow/lite/micro/kernels/zeros_like.o
# environment
PROGRAMDATA = C:\ProgramData
# default
SHELL := /bin/sh
# environment
HOMEPATH = \Users\904289
# default
MAKECMDGOALS := all
# makefile (from 'Makefile', line 26)
LIB_NAME = lib.zip
# environment
DRIVERDATA = C:\Windows\System32\Drivers\DriverData
# environment
COMSPEC = C:\Windows\system32\cmd.exe
# environment
WINDIR = C:\Windows
# environment
MAKELEVEL := 0
# makefile (from 'Makefile', line 42)
DEPEND_NAME = gnu_dependencies.zip
# default
MAKE = $(MAKE_COMMAND)
# environment
PATH = /cygdrive/c/ARC/MetaWare/arc/bin:/cygdrive/c/ARC/MetaWare/ide:/cygdrive/c/Python39/Scripts:/cygdrive/c/Python39:/cygdrive/c/Program Files (x86)/Common Files/Oracle/Java/javapath:/cygdrive/c/Program Files (x86)/Intel/Intel(R) Management Engine Components/iCLS:/cygdrive/c/Program Files/Intel/Intel(R) Management Engine Components/iCLS:/cygdrive/c/Windows/system32:/cygdrive/c/Windows:/cygdrive/c/Windows/System32/Wbem:/cygdrive/c/Windows/System32/WindowsPowerShell/v1.0:/cygdrive/c/Windows/System32/OpenSSH:/cygdrive/c/Program Files (x86)/Intel/Intel(R) Management Engine Components/DAL:/cygdrive/c/Program Files/Intel/Intel(R) Management Engine Components/DAL:/cygdrive/c/Program Files (x86)/Intel/Intel(R) Management Engine Components/IPT:/cygdrive/c/Program Files/Intel/Intel(R) Management Engine Components/IPT:/cygdrive/c/Program Files (x86)/Webex/Webex/Applications:/cygdrive/c/Program Files/nodejs:/cygdrive/c/ProgramData/chocolatey/bin:/arc_gnu_2020.09_prebuilt_elf32_le_linux_install:/:/usr/bin:/arc_gnu_2020.09_prebuilt_elf32_le_linux_install/bin:/cygdrive/c/Program Files (x86)/Microsoft SQL Server/90/Tools/binn:/cygdrive/c/Users/904289/AppData/Local/Microsoft/WindowsApps:/cygdrive/c/Users/904289/AppData/Local/Programs/Microsoft VS Code/bin:/cygdrive/c/Users/904289/AppData/Roaming/npm:/cygdrive/c/Python39:/cygdrive/c/Python39/Scripts:/usr/bin:/cygdrive/c/arc_gnu/bin:/cygdrive/c/arc_gnu/arc-elf32/bin:/cygdrive/c/Vim/vim82
# environment
COMPUTERNAME = HX-KRIS_YEH
# default
MAKEFILES := 
# automatic
^F = $(notdir $^)
# environment
PROMPT = $P$G
# environment
CHOCOLATEYLASTPATHUPDATE = 132644984807179815
# makefile (from 'Makefile', line 155)
yolo_SRCS := tensorflow/lite/micro/kernels/arc_mli/scratch_buffers.cc tensorflow/lite/micro/kernels/arc_mli/scratch_buf_mgr.cc tensorflow/lite/micro/kernels/arc_mli/mli_slicers.cc yolo_fastest/main.cc yolo_fastest/main_functions.cc
# environment
LOGONSERVER = \\HXDC02
# environment
VSCODE_LOG_NATIVE = false
# environment
USERNAME = 904289
# environment
COMMONPROGRAMFILES = C:\Program Files\Common Files
# automatic
?F = $(notdir $?)
# environment
PROGRAMW6432 = C:\Program Files
# environment
PATHEXT = .COM;.EXE;.BAT;.CMD;.VBS;.VBE;.JS;.JSE;.WSF;.WSH;.MSC;.PY;.PYW
# automatic
+F = $(notdir $+)
# environment
ORIGINAL_XDG_CURRENT_DESKTOP = undefined
# environment
USERDOMAIN = HIMAX
# 'override' directive
GNUMAKEFLAGS := 
# environment
VS80COMNTOOLS = C:\Program Files (x86)\Microsoft Visual Studio 8\Common7\Tools\
# environment
OS = Windows_NT
# makefile
.DEFAULT_GOAL := all
# makefile (from 'Makefile', line 20)
RM = rm -rf
# makefile (from 'Makefile', line 38)
TOOL_NAME = image_gen.zip
# default
MAKE_VERSION := 4.3
# environment
PROGRAMFILES(X86) = C:\Program Files (x86)
# makefile (from 'Makefile', line 350)
LDFLAGS = -Wl,-lmli -Wl,-lmwdepend -Wl,-marcv2elfx -Wl,-Map=memory.map -Wl,--strip-debug -Wl,--stats,--gc-sections -Wl,--cref -L$(MLI_PATH) -L$(DEPEND_PATH) -L . -Wl,--start-group $(SDK_PATH)/libcpuarc.a $(SDK_PATH)/libbss.a $(SDK_PATH)/libboard_socket.a $(SDK_PATH)/libboard_open_socket.a $(SDK_PATH)/liblibcommon.a $(SDK_PATH)/liblibaudio.a $(SDK_PATH)/liblibsecurity.a $(SDK_PATH)/liblibsensordp.a $(SDK_PATH)/liblibtflm.a -Wl,--end-group 
# environment
VS90COMNTOOLS = C:\Program Files (x86)\Microsoft Visual Studio 9.0\Common7\Tools\
# environment
USERDOMAIN_ROAMINGPROFILE = HIMAX
# environment
NUMBER_OF_PROCESSORS = 4
# environment
PUBLIC = C:\Users\Public
# makefile (from 'Makefile', line 41)
DEPEND_LOC = third_party/
# makefile (from 'Makefile', line 29)
MODEL_LOC = tensorflow/lite/micro/tools/make/downloads/
# environment
APPDATA = C:\Users\904289\AppData\Roaming
# environment
HOMEDRIVE = C:
# environment
PROCESSOR_ARCHITECTURE = AMD64
# makefile (from 'Makefile', line 25)
LIB_LOC = third_party/
# makefile (from 'Makefile', line 30)
MODEL_NAME = model.zip
# environment
VSCODE_AMD_ENTRYPOINT = vs/workbench/services/extensions/node/extensionHostProcess
# makefile (from 'Makefile', line 32)
SDK_LINK = https://www.himax.com.tw/we-i/himax_we1_sdk_v18.zip
# environment
HOME = /home/904289
# environment
COMMONPROGRAMFILES(X86) = C:\Program Files (x86)\Common Files
# environment
ELECTRON_RUN_AS_NODE = 1
# environment
TEMP = /cygdrive/c/Users/904289/AppData/Local/Temp
# environment
VSCODE_IPC_HOOK = \\.\pipe\c8973089e67c10962f20a91de51bf9db-1.59.0-main-sock
# environment
TERM = xterm-256color
# makefile (from 'Makefile', line 40)
DEPEND_LINK = https://github.com/foss-for-synopsys-dwc-arc-processors/embarc_mli/releases/download/Release_1.1/mw_gnu_dependencies.zip
# default
.RECIPEPREFIX := 
# automatic
<F = $(notdir $<)
# default
SUFFIXES := 
# environment
ALLUSERSPROFILE = C:\ProgramData
# makefile (from 'Makefile', line 16)
LD := arc-elf32-ld
# environment
SESSIONNAME = Console
# makefile (from 'Makefile', line 274)
CXXFLAGS = -fno-rtti -fpermissive -fno-exceptions -fno-threadsafe-statics -fno-unwind-tables -ffunction-sections -fdata-sections -fmessage-length=0 -DTF_LITE_STATIC_MEMORY -DTF_LITE_DISABLE_X86_NEON -O3 -Wsign-compare -Wdouble-promotion -Wshadow -Wunused-variable -Wmissing-field-initializers -Wunused-function -Wswitch -Wvla -Wall -Wextra -Wstrict-aliasing -Wno-unused-parameter -DREDUCE_CODESIZE -mxy -include $(SDK_PATH)/core_config.h -mcpu=em4_fpus -mlittle-endian -mcode-density -mdiv-rem -mswap -mnorm -mmpy-option=6 -mbarrel-shifter -mfpu=fpus_all -I. -I./$(SDK_PATH) -I./third_party/gemmlowp -I./third_party/flatbuffers/include -I./third_party/ruy -I./third_party/arc_mli_package/include -I./third_party/arc_mli_package/include/api -I./tensorflow/lite/micro/tools/make/downloads/kissfft -DSCRATCH_MEM_Z_SIZE=0x10000 
# default
.FEATURES := target-specific order-only second-expansion else-if shortest-stem undefine oneshell nocomment grouped-target extra-prereqs archives jobserver output-sync check-symlink guile load
# environment
PROCESSOR_REVISION = 4e03
# makefile (from 'Makefile', line 15)
CXX := arc-elf32-g++
# makefile (from 'Makefile', line 13)
CC := arc-elf32-gcc
# environment
PROCESSOR_IDENTIFIER = Intel64 Family 6 Model 78 Stepping 3, GenuineIntel
# makefile (from 'Makefile', line 21)
DL = curl -Ls -f
# variable set hash-table stats:
# Load=140/1024=14%, Rehash=0, Collisions=22/187=12%

# Pattern-specific Variable Values

# No pattern-specific variable values.

# Directories

# . (device 3659066362, inode 13510798882492834): 21 files, no impossibilities.

# 21 files, no impossibilities in 1 directories.

# Implicit Rules

%.o: %.cc
#  recipe to execute (from 'Makefile', line 375):
	$(CXX) $(CXXFLAGS) $(EXT_CFLAGS) $(INCLUDES) -c $< -o $@

%.o: %.c
#  recipe to execute (from 'Makefile', line 378):
	$(CC) $(CCFLAGS) $(EXT_CFLAGS) $(INCLUDES) -c $< -o $@

# 2 implicit rules, 0 (0.0%) terminal.
 
# Files

# Not a target:
tensorflow/lite/micro/kernels/add.o:
#  Implicit rule search has not been done.
#  Modification time never checked.
#  File has not been updated.

# Not a target:
tensorflow/lite/schema/schema_utils.o:
#  Implicit rule search has not been done.
#  Modification time never checked.
#  File has not been updated.

# Not a target:
tensorflow/lite/micro/kernels/depthwise_conv_common.o:
#  Implicit rule search has not been done.
#  Modification time never checked.
#  File has not been updated.

# Not a target:
tensorflow/lite/micro/kernels/activations.o:
#  Implicit rule search has not been done.
#  Modification time never checked.
#  File has not been updated.

# Not a target:
tensorflow/lite/micro/kernels/logical.o:
#  Implicit rule search has not been done.
#  Modification time never checked.
#  File has not been updated.

# Not a target:
tensorflow/lite/micro/kernels/l2norm.o:
#  Implicit rule search has not been done.
#  Modification time never checked.
#  File has not been updated.

# Not a target:
tensorflow/lite/micro/himax_we1_evb/debug_log.o:
#  Implicit rule search has not been done.
#  Modification time never checked.
#  File has not been updated.

# Not a target:
tensorflow/lite/micro/kernels/arc_mli/scratch_buffers.o:
#  Implicit rule search has not been done.
#  Modification time never checked.
#  File has not been updated.

# Not a target:
tensorflow/lite/micro/kernels/arc_mli/pooling.o:
#  Implicit rule search has not been done.
#  Modification time never checked.
#  File has not been updated.

# Not a target:
tensorflow/lite/micro/kernels/kernel_util.o:
#  Implicit rule search has not been done.
#  Modification time never checked.
#  File has not been updated.

# Not a target:
tensorflow/lite/micro/kernels/pad.o:
#  Implicit rule search has not been done.
#  Modification time never checked.
#  File has not been updated.

# Not a target:
tensorflow/lite/micro/kernels/arc_mli/fully_connected.o:
#  Implicit rule search has not been done.
#  Modification time never checked.
#  File has not been updated.

# Not a target:
tensorflow/lite/micro/kernels/expand_dims.o:
#  Implicit rule search has not been done.
#  Modification time never checked.
#  File has not been updated.

# Not a target:
tensorflow/lite/core/api/flatbuffer_conversions.o:
#  Implicit rule search has not been done.
#  Modification time never checked.
#  File has not been updated.

# Not a target:
tensorflow/lite/micro/kernels/comparisons.o:
#  Implicit rule search has not been done.
#  Modification time never checked.
#  File has not been updated.

# Not a target:
tensorflow/lite/micro/kernels/squeeze.o:
#  Implicit rule search has not been done.
#  Modification time never checked.
#  File has not been updated.

# Not a target:
tensorflow/lite/micro/kernels/resize_nearest_neighbor.o:
#  Implicit rule search has not been done.
#  Modification time never checked.
#  File has not been updated.

# Not a target:
tensorflow/lite/micro/kernels/cast.o:
#  Implicit rule search has not been done.
#  Modification time never checked.
#  File has not been updated.

# Not a target:
tensorflow/lite/micro/kernels/elu.o:
#  Implicit rule search has not been done.
#  Modification time never checked.
#  File has not been updated.

# Not a target:
tensorflow/lite/core/api/error_reporter.o:
#  Implicit rule search has not been done.
#  Modification time never checked.
#  File has not been updated.

# Not a target:
tensorflow/lite/micro/micro_graph.o:
#  Implicit rule search has not been done.
#  Modification time never checked.
#  File has not been updated.

# Not a target:
tensorflow/lite/micro/kernels/add_n.o:
#  Implicit rule search has not been done.
#  Modification time never checked.
#  File has not been updated.

# Not a target:
tensorflow/lite/micro/kernels/svdf.o:
#  Implicit rule search has not been done.
#  Modification time never checked.
#  File has not been updated.

# Not a target:
tensorflow/lite/micro/micro_profiler.o:
#  Implicit rule search has not been done.
#  Modification time never checked.
#  File has not been updated.

# Not a target:
tensorflow/lite/micro/kernels/l2_pool_2d.o:
#  Implicit rule search has not been done.
#  Modification time never checked.
#  File has not been updated.

# Not a target:
tensorflow/lite/micro/kernels/hard_swish.o:
#  Implicit rule search has not been done.
#  Modification time never checked.
#  File has not been updated.

# Not a target:
tensorflow/lite/micro/kernels/if.o:
#  Implicit rule search has not been done.
#  Modification time never checked.
#  File has not been updated.

# Not a target:
tensorflow/lite/micro/test_helpers.o:
#  Implicit rule search has not been done.
#  Modification time never checked.
#  File has not been updated.

# Not a target:
tensorflow/lite/micro/kernels/space_to_batch_nd.o:
#  Implicit rule search has not been done.
#  Modification time never checked.
#  File has not been updated.

# Not a target:
Makefile:
#  Implicit rule search has been done.
#  Last modified 2021-08-26 14:51:12.130294
#  File has been updated.
#  Successfully updated.

# Not a target:
tensorflow/lite/micro/kernels/fully_connected_common.o:
#  Implicit rule search has not been done.
#  Modification time never checked.
#  File has not been updated.

yolo.elf: tensorflow/lite/micro/simple_memory_allocator.o tensorflow/lite/micro/mock_micro_graph.o tensorflow/lite/micro/micro_allocator.o tensorflow/lite/micro/all_ops_resolver.o tensorflow/lite/micro/memory_helpers.o tensorflow/lite/micro/micro_interpreter.o tensorflow/lite/micro/micro_error_reporter.o tensorflow/lite/micro/micro_time.o tensorflow/lite/micro/recording_simple_memory_allocator.o tensorflow/lite/micro/micro_string.o tensorflow/lite/micro/micro_profiler.o tensorflow/lite/micro/micro_utils.o tensorflow/lite/micro/himax_we1_evb/debug_log.o tensorflow/lite/micro/test_helpers.o tensorflow/lite/micro/micro_graph.o tensorflow/lite/micro/system_setup.o tensorflow/lite/micro/recording_micro_allocator.o tensorflow/lite/micro/memory_planner/linear_memory_planner.o tensorflow/lite/micro/memory_planner/greedy_memory_planner.o tensorflow/lite/c/common.o tensorflow/lite/core/api/error_reporter.o tensorflow/lite/core/api/flatbuffer_conversions.o tensorflow/lite/core/api/op_resolver.o tensorflow/lite/core/api/tensor_utils.o tensorflow/lite/kernels/internal/quantization_util.o tensorflow/lite/kernels/kernel_util.o tensorflow/lite/schema/schema_utils.o tensorflow/lite/micro/kernels/activations.o tensorflow/lite/micro/kernels/add.o tensorflow/lite/micro/kernels/add_n.o tensorflow/lite/micro/kernels/arg_min_max.o tensorflow/lite/micro/kernels/batch_to_space_nd.o tensorflow/lite/micro/kernels/cast.o tensorflow/lite/micro/kernels/ceil.o tensorflow/lite/micro/kernels/circular_buffer.o tensorflow/lite/micro/kernels/comparisons.o tensorflow/lite/micro/kernels/concatenation.o tensorflow/lite/micro/kernels/arc_mli/conv.o tensorflow/lite/micro/kernels/conv_common.o tensorflow/lite/micro/kernels/cumsum.o tensorflow/lite/micro/kernels/depth_to_space.o tensorflow/lite/micro/kernels/arc_mli/depthwise_conv.o tensorflow/lite/micro/kernels/depthwise_conv_common.o tensorflow/lite/micro/kernels/dequantize.o tensorflow/lite/micro/kernels/detection_postprocess.o tensorflow/lite/micro/kernels/elementwise.o tensorflow/lite/micro/kernels/elu.o tensorflow/lite/micro/kernels/ethosu.o tensorflow/lite/micro/kernels/exp.o tensorflow/lite/micro/kernels/expand_dims.o tensorflow/lite/micro/kernels/fill.o tensorflow/lite/micro/kernels/floor.o tensorflow/lite/micro/kernels/floor_div.o tensorflow/lite/micro/kernels/floor_mod.o tensorflow/lite/micro/kernels/arc_mli/fully_connected.o tensorflow/lite/micro/kernels/fully_connected_common.o tensorflow/lite/micro/kernels/gather.o tensorflow/lite/micro/kernels/gather_nd.o tensorflow/lite/micro/kernels/hard_swish.o tensorflow/lite/micro/kernels/if.o tensorflow/lite/micro/kernels/kernel_runner.o tensorflow/lite/micro/kernels/kernel_util.o tensorflow/lite/micro/kernels/l2norm.o tensorflow/lite/micro/kernels/l2_pool_2d.o tensorflow/lite/micro/kernels/leaky_relu.o tensorflow/lite/micro/kernels/logical.o tensorflow/lite/micro/kernels/logistic.o tensorflow/lite/micro/kernels/log_softmax.o tensorflow/lite/micro/kernels/maximum_minimum.o tensorflow/lite/micro/kernels/mul.o tensorflow/lite/micro/kernels/neg.o tensorflow/lite/micro/kernels/pack.o tensorflow/lite/micro/kernels/pad.o tensorflow/lite/micro/kernels/arc_mli/pooling.o tensorflow/lite/micro/kernels/prelu.o tensorflow/lite/micro/kernels/quantize.o tensorflow/lite/micro/kernels/quantize_common.o tensorflow/lite/micro/kernels/reduce.o tensorflow/lite/micro/kernels/reshape.o tensorflow/lite/micro/kernels/resize_bilinear.o tensorflow/lite/micro/kernels/resize_nearest_neighbor.o tensorflow/lite/micro/kernels/round.o tensorflow/lite/micro/kernels/shape.o tensorflow/lite/micro/kernels/softmax.o tensorflow/lite/micro/kernels/softmax_common.o tensorflow/lite/micro/kernels/space_to_batch_nd.o tensorflow/lite/micro/kernels/split.o tensorflow/lite/micro/kernels/split_v.o tensorflow/lite/micro/kernels/squeeze.o tensorflow/lite/micro/kernels/strided_slice.o tensorflow/lite/micro/kernels/sub.o tensorflow/lite/micro/kernels/svdf.o tensorflow/lite/micro/kernels/svdf_common.o tensorflow/lite/micro/kernels/tanh.o tensorflow/lite/micro/kernels/transpose.o tensorflow/lite/micro/kernels/transpose_conv.o tensorflow/lite/micro/kernels/unpack.o tensorflow/lite/micro/kernels/zeros_like.o tensorflow/lite/micro/kernels/arc_mli/scratch_buffers.o tensorflow/lite/micro/kernels/arc_mli/scratch_buf_mgr.o tensorflow/lite/micro/kernels/arc_mli/mli_slicers.o yolo_fastest/main.o yolo_fastest/main_functions.o
#  Implicit rule search has not been done.
#  Modification time never checked.
#  File has not been updated.
#  recipe to execute (from 'Makefile', line 391):
	$(CXX) $(CXXFLAGS) -o $@ $(OBJS) $(yolo_OBJS) $(LDFLAGS)

# Not a target:
tensorflow/lite/micro/kernels/kernel_runner.o:
#  Implicit rule search has not been done.
#  Modification time never checked.
#  File has not been updated.

# Not a target:
tensorflow/lite/c/common.o:
#  Implicit rule search has not been done.
#  Modification time never checked.
#  File has not been updated.

# Not a target:
tensorflow/lite/micro/kernels/reshape.o:
#  Implicit rule search has not been done.
#  Modification time never checked.
#  File has not been updated.

# Not a target:
tensorflow/lite/micro/kernels/unpack.o:
#  Implicit rule search has not been done.
#  Modification time never checked.
#  File has not been updated.

download: tensorflow/lite/micro/tools/make/downloads/
#  Implicit rule search has not been done.
#  Modification time never checked.
#  File has not been updated.
#  recipe to execute (from 'Makefile', line 399):
	@echo 'downloading'
	@$(DL) $(LIB_LINK)  -o $(LIB_NAME)  
	@$(DL) $(MODEL_LINK)  -o $(MODEL_NAME)
	@$(DL) $(SDK_LINK)  -o $(SDK_NAME)
	@$(DL) $(TOOL_LINK)  -o $(TOOL_NAME)
	@$(DL) $(DEPEND_LINK)  -o $(DEPEND_NAME)
	@$(UNZIP) -o $(LIB_NAME) -d $(LIB_LOC)
	@$(UNZIP) -o $(MODEL_NAME) -d $(MODEL_LOC)
	@$(UNZIP) -o $(SDK_NAME) -d $(SDK_LOC) 
	@$(UNZIP) -o $(TOOL_NAME) -d $(TOOL_LOC)	
	@$(UNZIP) -o $(DEPEND_NAME) -d $(DEPEND_LOC)
	@$(RM) $(LIB_NAME)
	@$(RM) $(MODEL_NAME)
	@$(RM) $(SDK_NAME)
	@$(RM) $(TOOL_NAME)	
	@$(RM) $(DEPEND_NAME)
	

flash:
#  Implicit rule search has not been done.
#  Modification time never checked.
#  File has not been updated.
#  recipe to execute (from 'Makefile', line 441):
	$(error "please specific example=")

# Not a target:
tensorflow/lite/core/api/op_resolver.o:
#  Implicit rule search has not been done.
#  Modification time never checked.
#  File has not been updated.

# Not a target:
tensorflow/lite/micro/kernels/transpose_conv.o:
#  Implicit rule search has not been done.
#  Modification time never checked.
#  File has not been updated.

clean:
#  Implicit rule search has not been done.
#  Modification time never checked.
#  File has not been updated.
#  recipe to execute (from 'Makefile', line 393):
	@echo 'cleaning'
	-@$(RM) $(OBJS) $(yolo_OBJS)
	-@$(RM) *.elf
	-@$(RM) *.map
	

# Not a target:
tensorflow/lite/micro/kernels/batch_to_space_nd.o:
#  Implicit rule search has not been done.
#  Modification time never checked.
#  File has not been updated.

# Not a target:
tensorflow/lite/micro/simple_memory_allocator.o:
#  Implicit rule search has not been done.
#  Modification time never checked.
#  File has not been updated.

# Not a target:
tensorflow/lite/micro/micro_interpreter.o:
#  Implicit rule search has not been done.
#  Modification time never checked.
#  File has not been updated.

# Not a target:
tensorflow/lite/micro/kernels/elementwise.o:
#  Implicit rule search has not been done.
#  Modification time never checked.
#  File has not been updated.

# Not a target:
tensorflow/lite/micro/kernels/svdf_common.o:
#  Implicit rule search has not been done.
#  Modification time never checked.
#  File has not been updated.

# Not a target:
tensorflow/lite/micro/kernels/logistic.o:
#  Implicit rule search has not been done.
#  Modification time never checked.
#  File has not been updated.

# Not a target:
tensorflow/lite/micro/kernels/leaky_relu.o:
#  Implicit rule search has not been done.
#  Modification time never checked.
#  File has not been updated.

# Not a target:
tensorflow/lite/micro/recording_simple_memory_allocator.o:
#  Implicit rule search has not been done.
#  Modification time never checked.
#  File has not been updated.

# Not a target:
tensorflow/lite/micro/kernels/log_softmax.o:
#  Implicit rule search has not been done.
#  Modification time never checked.
#  File has not been updated.

# Not a target:
tensorflow/lite/micro/kernels/transpose.o:
#  Implicit rule search has not been done.
#  Modification time never checked.
#  File has not been updated.

# Not a target:
tensorflow/lite/micro/kernels/floor_div.o:
#  Implicit rule search has not been done.
#  Modification time never checked.
#  File has not been updated.

# Not a target:
tensorflow/lite/micro/kernels/shape.o:
#  Implicit rule search has not been done.
#  Modification time never checked.
#  File has not been updated.

# Not a target:
tensorflow/lite/micro/kernels/detection_postprocess.o:
#  Implicit rule search has not been done.
#  Modification time never checked.
#  File has not been updated.

# Not a target:
tensorflow/lite/micro/all_ops_resolver.o:
#  Implicit rule search has not been done.
#  Modification time never checked.
#  File has not been updated.

# Not a target:
tensorflow/lite/micro/kernels/strided_slice.o:
#  Implicit rule search has not been done.
#  Modification time never checked.
#  File has not been updated.

# Not a target:
tensorflow/lite/micro/kernels/split_v.o:
#  Implicit rule search has not been done.
#  Modification time never checked.
#  File has not been updated.

# Not a target:
tensorflow/lite/micro/kernels/cumsum.o:
#  Implicit rule search has not been done.
#  Modification time never checked.
#  File has not been updated.

# Not a target:
tensorflow/lite/kernels/internal/quantization_util.o:
#  Implicit rule search has not been done.
#  Modification time never checked.
#  File has not been updated.

tensorflow/lite/micro/tools/make/downloads/:
#  Implicit rule search has not been done.
#  Modification time never checked.
#  File has not been updated.
#  recipe to execute (from 'Makefile', line 417):
	@mkdir -p $@

# Not a target:
tensorflow/lite/micro/micro_utils.o:
#  Implicit rule search has not been done.
#  Modification time never checked.
#  File has not been updated.

# Not a target:
tensorflow/lite/micro/recording_micro_allocator.o:
#  Implicit rule search has not been done.
#  Modification time never checked.
#  File has not been updated.

# Not a target:
tensorflow/lite/micro/kernels/arc_mli/scratch_buf_mgr.o:
#  Implicit rule search has not been done.
#  Modification time never checked.
#  File has not been updated.

# Not a target:
tensorflow/lite/micro/kernels/neg.o:
#  Implicit rule search has not been done.
#  Modification time never checked.
#  File has not been updated.

# Not a target:
.DEFAULT:
#  Implicit rule search has not been done.
#  Modification time never checked.
#  File has not been updated.

# Not a target:
tensorflow/lite/micro/kernels/maximum_minimum.o:
#  Implicit rule search has not been done.
#  Modification time never checked.
#  File has not been updated.

# Not a target:
tensorflow/lite/micro/kernels/sub.o:
#  Implicit rule search has not been done.
#  Modification time never checked.
#  File has not been updated.

all:
#  Phony target (prerequisite of .PHONY).
#  Command line target.
#  Implicit rule search has not been done.
#  Implicit/static pattern stem: ''
#  File does not exist.
#  File has not been updated.
# automatic
# @ := all
# automatic
# * := 
# automatic
# < := 
# automatic
# + := 
# automatic
# % := 
# automatic
# ^ := 
# automatic
# ? := 
# automatic
# | := 
# variable set hash-table stats:
# Load=8/32=25%, Rehash=0, Collisions=1/8=12%
#  recipe to execute (from 'Makefile', line 385):
	$(error "please specific example=")

# Not a target:
tensorflow/lite/micro/kernels/floor_mod.o:
#  Implicit rule search has not been done.
#  Modification time never checked.
#  File has not been updated.

# Not a target:
tensorflow/lite/kernels/kernel_util.o:
#  Implicit rule search has not been done.
#  Modification time never checked.
#  File has not been updated.

# Not a target:
tensorflow/lite/micro/kernels/tanh.o:
#  Implicit rule search has not been done.
#  Modification time never checked.
#  File has not been updated.

# Not a target:
tensorflow/lite/micro/kernels/dequantize.o:
#  Implicit rule search has not been done.
#  Modification time never checked.
#  File has not been updated.

# Not a target:
tensorflow/lite/micro/kernels/exp.o:
#  Implicit rule search has not been done.
#  Modification time never checked.
#  File has not been updated.

# Not a target:
tensorflow/lite/micro/mock_micro_graph.o:
#  Implicit rule search has not been done.
#  Modification time never checked.
#  File has not been updated.

# Not a target:
tensorflow/lite/micro/memory_planner/linear_memory_planner.o:
#  Implicit rule search has not been done.
#  Modification time never checked.
#  File has not been updated.

# Not a target:
yolo_fastest/main_functions.o:
#  Implicit rule search has not been done.
#  Modification time never checked.
#  File has not been updated.

# Not a target:
tensorflow/lite/micro/kernels/prelu.o:
#  Implicit rule search has not been done.
#  Modification time never checked.
#  File has not been updated.

# Not a target:
tensorflow/lite/micro/micro_allocator.o:
#  Implicit rule search has not been done.
#  Modification time never checked.
#  File has not been updated.

# Not a target:
tensorflow/lite/micro/kernels/circular_buffer.o:
#  Implicit rule search has not been done.
#  Modification time never checked.
#  File has not been updated.

# Not a target:
tensorflow/lite/micro/kernels/arc_mli/depthwise_conv.o:
#  Implicit rule search has not been done.
#  Modification time never checked.
#  File has not been updated.

# Not a target:
tensorflow/lite/micro/kernels/floor.o:
#  Implicit rule search has not been done.
#  Modification time never checked.
#  File has not been updated.

# makefile (from 'Makefile', line 387)
yolo: MAP_NAME = yolo
yolo: yolo.elf
#  Phony target (prerequisite of .PHONY).
#  Implicit rule search has not been done.
#  File does not exist.
#  File has not been updated.
# variable set hash-table stats:
# Load=1/32=3%, Rehash=0, Collisions=0/2=0%

# Not a target:
tensorflow/lite/micro/kernels/gather_nd.o:
#  Implicit rule search has not been done.
#  Modification time never checked.
#  File has not been updated.

# Not a target:
tensorflow/lite/micro/kernels/depth_to_space.o:
 
#  Implicit rule search has not been done.
#  Modification time never checked.
#  File has not been updated.

# Not a target:
tensorflow/lite/micro/kernels/zeros_like.o:
#  Implicit rule search has not been done.
#  Modification time never checked.
#  File has not been updated.

# Not a target:
tensorflow/lite/micro/kernels/gather.o:
#  Implicit rule search has not been done.
#  Modification time never checked.
#  File has not been updated.

# Not a target:
tensorflow/lite/micro/system_setup.o:
#  Implicit rule search has not been done.
#  Modification time never checked.
#  File has not been updated.

# Not a target:
tensorflow/lite/micro/kernels/ethosu.o:
#  Implicit rule search has not been done.
#  Modification time never checked.
#  File has not been updated.

# Not a target:
tensorflow/lite/micro/micro_time.o:
#  Implicit rule search has not been done.
#  Modification time never checked.
#  File has not been updated.

# Not a target:
tensorflow/lite/micro/kernels/mul.o:
#  Implicit rule search has not been done.
#  Modification time never checked.
#  File has not been updated.

# Not a target:
tensorflow/lite/micro/kernels/pack.o:
#  Implicit rule search has not been done.
#  Modification time never checked.
#  File has not been updated.

# Not a target:
tensorflow/lite/micro/kernels/fill.o:
#  Implicit rule search has not been done.
#  Modification time never checked.
#  File has not been updated.

# Not a target:
tensorflow/lite/core/api/tensor_utils.o:
#  Implicit rule search has not been done.
#  Modification time never checked.
#  File has not been updated.

# Not a target:
tensorflow/lite/micro/kernels/round.o:
#  Implicit rule search has not been done.
#  Modification time never checked.
#  File has not been updated.

# Not a target:
tensorflow/lite/micro/kernels/resize_bilinear.o:
#  Implicit rule search has not been done.
#  Modification time never checked.
#  File has not been updated.

# Not a target:
tensorflow/lite/micro/kernels/softmax_common.o:
#  Implicit rule search has not been done.
#  Modification time never checked.
#  File has not been updated.

# Not a target:
tensorflow/lite/micro/micro_error_reporter.o:
#  Implicit rule search has not been done.
#  Modification time never checked.
#  File has not been updated.

# Not a target:
tensorflow/lite/micro/kernels/arc_mli/mli_slicers.o:
#  Implicit rule search has not been done.
#  Modification time never checked.
#  File has not been updated.

# Not a target:
tensorflow/lite/micro/kernels/reduce.o:
#  Implicit rule search has not been done.
#  Modification time never checked.
#  File has not been updated.

# Not a target:
tensorflow/lite/micro/kernels/arc_mli/conv.o:
#  Implicit rule search has not been done.
#  Modification time never checked.
#  File has not been updated.

# Not a target:
tensorflow/lite/micro/kernels/split.o:
#  Implicit rule search has not been done.
#  Modification time never checked.
#  File has not been updated.

# Not a target:
.SUFFIXES:
#  Implicit rule search has not been done.
#  Modification time never checked.
#  File has not been updated.

# Not a target:
tensorflow/lite/micro/kernels/quantize.o:
#  Implicit rule search has not been done.
#  Modification time never checked.
#  File has not been updated.

# Not a target:
tensorflow/lite/micro/memory_planner/greedy_memory_planner.o:
#  Implicit rule search has not been done.
#  Modification time never checked.
#  File has not been updated.

.PHONY: all yolo
#  Implicit rule search has not been done.
#  Modification time never checked.
#  File has not been updated.

# Not a target:
yolo_fastest/main.o:
#  Implicit rule search has not been done.
#  Modification time never checked.
#  File has not been updated.

# Not a target:
tensorflow/lite/micro/micro_string.o:
#  Implicit rule search has not been done.
#  Modification time never checked.
#  File has not been updated.

# Not a target:
tensorflow/lite/micro/kernels/softmax.o:
#  Implicit rule search has not been done.
#  Modification time never checked.
#  File has not been updated.

# Not a target:
tensorflow/lite/micro/kernels/arg_min_max.o:
#  Implicit rule search has not been done.
#  Modification time never checked.
#  File has not been updated.

# Not a target:
tensorflow/lite/micro/kernels/quantize_common.o:
#  Implicit rule search has not been done.
#  Modification time never checked.
#  File has not been updated.

# Not a target:
tensorflow/lite/micro/kernels/conv_common.o:
#  Implicit rule search has not been done.
#  Modification time never checked.
#  File has not been updated.

# Not a target:
tensorflow/lite/micro/kernels/concatenation.o:
#  Implicit rule search has not been done.
#  Modification time never checked.
#  File has not been updated.

# Not a target:
tensorflow/lite/micro/kernels/ceil.o:
#  Implicit rule search has not been done.
#  Modification time never checked.
#  File has not been updated.

# Not a target:
tensorflow/lite/micro/memory_helpers.o:
#  Implicit rule search has not been done.
#  Modification time never checked.
#  File has not been updated.

# files hash-table stats:
# Load=114/1024=11%, Rehash=0, Collisions=15/237=6%
# VPATH Search Paths

# No 'vpath' search paths.

# No general ('VPATH' variable) search path.

# strcache buffers: 1 (0) / strings = 138 / storage = 4779 B / avg = 34 B
# current buf: size = 8162 B / used = 4779 B / count = 138 / avg = 34 B

# strcache performance: lookups = 158 / hit rate = 12%
# hash-table stats:
# Load=138/8192=2%, Rehash=0, Collisions=3/158=2%
# Finished Make data base on Thu Aug 26 15:03:26 2021

 
